<?xml version="1.0" encoding="UTF-8"?>
<!-- Generated by org.testng.reporters.JUnitReportReporter -->
<testsuite hostname="DESKTOP-J8OGLUC" failures="0" tests="5" name="test.Test_Cases_Standard_Item" time="56.622" errors="0" timestamp="2023-07-22T16:52:35 IST" skipped="0">
  <testcase classname="test.Test_Cases_Standard_Item" name="login_banglore" time="12.424"/>
  <testcase classname="test.Test_Cases_Standard_Item" name="click_on_items" time="10.283"/>
  <testcase classname="test.Test_Cases_Standard_Item" name="standard_item_created" time="33.915"/>
  <testcase classname="test.Test_Cases_Standard_Item" name="standard_item_updated" time="0.000"/>
  <testcase classname="test.Test_Cases_Standard_Item" name="standard_item_deleted" time="0.000"/>
</testsuite> <!-- test.Test_Cases_Standard_Item -->
